<?xml version="1.0" encoding="UTF-8"?>
<testng-results skipped="0" failed="0" ignored="0" total="1" passed="1">
  <reporter-output>
    <line>
      <![CDATA[Feedback]]>
    </line>
  </reporter-output>
  <suite name="Suite" duration-ms="19159" started-at="2017-12-12T14:39:21Z" finished-at="2017-12-12T14:39:41Z">
    <groups>
    </groups>
    <test name="Test" duration-ms="19159" started-at="2017-12-12T14:39:21Z" finished-at="2017-12-12T14:39:41Z">
      <class name="scripts.TestLogin">
        <test-method status="PASS" signature="openApplication()[pri:0, instance:scripts.TestLogin@735b478]" name="openApplication" is-config="true" duration-ms="9009" started-at="2017-12-12T20:09:22Z" finished-at="2017-12-12T20:09:31Z">
          <reporter-output>
          </reporter-output>
        </test-method> <!-- openApplication -->
        <test-method status="PASS" signature="testLogin()[pri:0, instance:scripts.TestLogin@735b478]" name="testLogin" duration-ms="9978" started-at="2017-12-12T20:09:31Z" finished-at="2017-12-12T20:09:40Z">
          <reporter-output>
            <line>
              <![CDATA[Feedback]]>
            </line>
          </reporter-output>
        </test-method> <!-- testLogin -->
        <test-method status="PASS" signature="closeApplication()[pri:0, instance:scripts.TestLogin@735b478]" name="closeApplication" is-config="true" duration-ms="156" started-at="2017-12-12T20:09:40Z" finished-at="2017-12-12T20:09:41Z">
          <reporter-output>
          </reporter-output>
        </test-method> <!-- closeApplication -->
      </class> <!-- scripts.TestLogin -->
    </test> <!-- Test -->
  </suite> <!-- Suite -->
</testng-results>
