<?xml version="1.0" encoding="UTF-8"?>
<testsuite xmlns:xsi="http://www.w3.org/2001/XMLSchema-instance" xsi:noNamespaceSchemaLocation="https://maven.apache.org/surefire/maven-surefire-plugin/xsd/surefire-test-report.xsd" name="TestSuite" time="5.009" tests="4" errors="0" skipped="3" failures="1">
  <properties>
[...]
</properties>
  <testcase name="openApplication" classname="scripts.TestLogin" time="4.413">
    <failure message="Process unexpectedly closed with status: 0&#10;Build info: version: &apos;3.7.1&apos;, revision: &apos;8a0099a&apos;, time: &apos;2017-11-06T21:01:39.354Z&apos;&#10;System info: host: &apos;APPU&apos;, ip: &apos;192.168.43.174&apos;, os.name: &apos;Windows 10&apos;, os.arch: &apos;amd64&apos;, os.version: &apos;10.0&apos;, java.version: &apos;1.8.0_131&apos;&#10;Driver info: driver.version: FirefoxDriver&#10;remote stacktrace: stack backtrace:&#10;   0:           0x4821c4 - &lt;no info&gt;&#10;   1:           0x482933 - &lt;no info&gt;&#10;   2:           0x445159 - &lt;no info&gt;&#10;   3:           0x44c838 - &lt;no info&gt;&#10;   4:           0x43026a - &lt;no info&gt;&#10;   5:           0x40ba4e - &lt;no info&gt;&#10;   6:           0x4119b9 - &lt;no info&gt;&#10;   7:           0x6d2c89 - &lt;no info&gt;&#10;   8:           0x426006 - &lt;no info&gt;&#10;   9:           0x6cd490 - &lt;no info&gt;&#10;  10:     0x7ffee1221fe4 - BaseThreadInitThunk" type="org.openqa.selenium.WebDriverException"><![CDATA[org.openqa.selenium.WebDriverException: 
Process unexpectedly closed with status: 0
Build info: version: '3.7.1', revision: '8a0099a', time: '2017-11-06T21:01:39.354Z'
System info: host: 'APPU', ip: '192.168.43.174', os.name: 'Windows 10', os.arch: 'amd64', os.version: '10.0', java.version: '1.8.0_131'
Driver info: driver.version: FirefoxDriver
remote stacktrace: stack backtrace:
   0:           0x4821c4 - <no info>
   1:           0x482933 - <no info>
   2:           0x445159 - <no info>
   3:           0x44c838 - <no info>
   4:           0x43026a - <no info>
   5:           0x40ba4e - <no info>
   6:           0x4119b9 - <no info>
   7:           0x6d2c89 - <no info>
   8:           0x426006 - <no info>
   9:           0x6cd490 - <no info>
  10:     0x7ffee1221fe4 - BaseThreadInitThunk
]]></failure>
    <system-err><![CDATA[1512804254384	geckodriver	INFO	geckodriver 0.19.0
1512804254395	geckodriver	INFO	Listening on 127.0.0.1:31266
1512804255241	mozrunner::runner	INFO	Running command: "C:\\Program Files\\Mozilla Firefox\\firefox.exe" "-marionette" "-profile" "C:\\Users\\Appu\\AppData\\Local\\Temp\\rust_mozprofile.dxc8H2e1U022"
]]></system-err>
  </testcase>
  <testcase name="testLogin" classname="scripts.TestLogin" time="0">
    <skipped message="Process unexpectedly closed with status: 0&#10;Build info: version: &apos;3.7.1&apos;, revision: &apos;8a0099a&apos;, time: &apos;2017-11-06T21:01:39.354Z&apos;&#10;System info: host: &apos;APPU&apos;, ip: &apos;192.168.43.174&apos;, os.name: &apos;Windows 10&apos;, os.arch: &apos;amd64&apos;, os.version: &apos;10.0&apos;, java.version: &apos;1.8.0_131&apos;&#10;Driver info: driver.version: FirefoxDriver&#10;remote stacktrace: stack backtrace:&#10;   0:           0x4821c4 - &lt;no info&gt;&#10;   1:           0x482933 - &lt;no info&gt;&#10;   2:           0x445159 - &lt;no info&gt;&#10;   3:           0x44c838 - &lt;no info&gt;&#10;   4:           0x43026a - &lt;no info&gt;&#10;   5:           0x40ba4e - &lt;no info&gt;&#10;   6:           0x4119b9 - &lt;no info&gt;&#10;   7:           0x6d2c89 - &lt;no info&gt;&#10;   8:           0x426006 - &lt;no info&gt;&#10;   9:           0x6cd490 - &lt;no info&gt;&#10;  10:     0x7ffee1221fe4 - BaseThreadInitThunk"/>
  </testcase>
  <testcase name="openApplication" classname="scripts.TestInvalidLogin" time="0">
    <skipped/>
  </testcase>
  <testcase name="testInvalidLogin" classname="scripts.TestInvalidLogin" time="0">
    <skipped message="Process unexpectedly closed with status: 0&#10;Build info: version: &apos;3.7.1&apos;, revision: &apos;8a0099a&apos;, time: &apos;2017-11-06T21:01:39.354Z&apos;&#10;System info: host: &apos;APPU&apos;, ip: &apos;192.168.43.174&apos;, os.name: &apos;Windows 10&apos;, os.arch: &apos;amd64&apos;, os.version: &apos;10.0&apos;, java.version: &apos;1.8.0_131&apos;&#10;Driver info: driver.version: FirefoxDriver&#10;remote stacktrace: stack backtrace:&#10;   0:           0x4821c4 - &lt;no info&gt;&#10;   1:           0x482933 - &lt;no info&gt;&#10;   2:           0x445159 - &lt;no info&gt;&#10;   3:           0x44c838 - &lt;no info&gt;&#10;   4:           0x43026a - &lt;no info&gt;&#10;   5:           0x40ba4e - &lt;no info&gt;&#10;   6:           0x4119b9 - &lt;no info&gt;&#10;   7:           0x6d2c89 - &lt;no info&gt;&#10;   8:           0x426006 - &lt;no info&gt;&#10;   9:           0x6cd490 - &lt;no info&gt;&#10;  10:     0x7ffee1221fe4 - BaseThreadInitThunk"/>
  </testcase>
</testsuite>