<?xml version="1.0" encoding="UTF-8"?>
<testng-results skipped="0" failed="0" ignored="0" total="1" passed="1">
  <reporter-output>
    <line>
      <![CDATA[Feedback]]>
    </line>
  </reporter-output>
  <suite name="Default suite" duration-ms="18696" started-at="2017-12-12T14:41:48Z" finished-at="2017-12-12T14:42:06Z">
    <groups>
    </groups>
    <test name="Default test" duration-ms="18696" started-at="2017-12-12T14:41:48Z" finished-at="2017-12-12T14:42:06Z">
      <class name="scripts.TestLogin">
        <test-method status="PASS" signature="openApplication()[pri:0, instance:scripts.TestLogin@77cd7a0]" name="openApplication" is-config="true" duration-ms="8490" started-at="2017-12-12T20:11:48Z" finished-at="2017-12-12T20:11:56Z">
          <reporter-output>
          </reporter-output>
        </test-method> <!-- openApplication -->
        <test-method status="PASS" signature="testLogin()[pri:0, instance:scripts.TestLogin@77cd7a0]" name="testLogin" duration-ms="9998" started-at="2017-12-12T20:11:56Z" finished-at="2017-12-12T20:12:06Z">
          <reporter-output>
            <line>
              <![CDATA[Feedback]]>
            </line>
          </reporter-output>
        </test-method> <!-- testLogin -->
        <test-method status="PASS" signature="closeApplication()[pri:0, instance:scripts.TestLogin@77cd7a0]" name="closeApplication" is-config="true" duration-ms="188" started-at="2017-12-12T20:12:06Z" finished-at="2017-12-12T20:12:06Z">
          <reporter-output>
          </reporter-output>
        </test-method> <!-- closeApplication -->
      </class> <!-- scripts.TestLogin -->
    </test> <!-- Default test -->
  </suite> <!-- Default suite -->
</testng-results>
